c:\sc-animate\plugin\project\win\x64\release\vc142.pdb
c:\sc-animate\plugin\project\win\x64\release\libjson.obj
c:\sc-animate\plugin\project\win\x64\release\internaljsonnode.obj
c:\sc-animate\plugin\project\win\x64\release\jsonwriter.obj
c:\sc-animate\plugin\project\win\x64\release\jsonworker.obj
c:\sc-animate\plugin\project\win\x64\release\jsonvalidator.obj
c:\sc-animate\plugin\project\win\x64\release\jsonstream.obj
c:\sc-animate\plugin\project\win\x64\release\jsonpreparse.obj
c:\sc-animate\plugin\project\win\x64\release\jsonnode_mutex.obj
c:\sc-animate\plugin\project\win\x64\release\jsonnode.obj
c:\sc-animate\plugin\project\win\x64\release\jsonmemory.obj
c:\sc-animate\plugin\project\win\x64\release\jsoniterators.obj
c:\sc-animate\plugin\project\win\x64\release\jsondebug.obj
c:\sc-animate\plugin\project\win\x64\release\jsonchildren.obj
c:\sc-animate\plugin\project\win\x64\release\jsonallocator.obj
c:\sc-animate\plugin\project\win\x64\release\utils.obj
c:\sc-animate\plugin\project\win\x64\release\outputwriter.obj
c:\sc-animate\plugin\project\win\x64\release\featurematrix.obj
c:\sc-animate\plugin\project\win\x64\release\doctype.obj
c:\sc-animate\plugin\project\win\x64\release\datatypes.obj
c:\sc-animate\plugin\project\win\x64\release\publisher.obj
c:\sc-animate\plugin\project\win\x64\release\main.obj
c:\sc-animate\plugin\project\win\x64\release\jsontimelinewriter.obj
c:\sc-animate\plugin\project\win\x64\release\jsonoutputwriter.obj
c:\sc-animate\plugin\project\win\x64\release\timelinebuilderfactory.obj
c:\sc-animate\plugin\project\win\x64\release\resourcepalette.obj
c:\sc-animate\plugin\project\win\x64\release\timelinebuilder.obj
c:\sc-animate\plugin\build\win\plugin.fcm
c:\sc-animate\plugin\project\win\x64\release\plugin.ipdb
c:\sc-animate\plugin\project\win\x64\release\plugin.iobj
c:\sc-animate\plugin\build\win\plugin.lib
c:\sc-animate\plugin\build\win\plugin.exp
c:\sc-animate\plugin\project\win\x64\release\plugin.tlog\cl.command.1.tlog
c:\sc-animate\plugin\project\win\x64\release\plugin.tlog\cl.read.1.tlog
c:\sc-animate\plugin\project\win\x64\release\plugin.tlog\cl.write.1.tlog
c:\sc-animate\plugin\project\win\x64\release\plugin.tlog\link.command.1.tlog
c:\sc-animate\plugin\project\win\x64\release\plugin.tlog\link.read.1.tlog
c:\sc-animate\plugin\project\win\x64\release\plugin.tlog\link.write.1.tlog
c:\sc-animate\plugin\project\win\x64\release\plugin.tlog\plugin.write.1u.tlog
