  DocType.cpp
C:\SC-animate\plugin\include\DocType\DocType.h(17,3): error C2296: <<: недопустимо, левый операнд имеет тип "const char [2]"
C:\SC-animate\plugin\include\DocType\FeatureMatrix.h(15,3): error C2296: <<: недопустимо, левый операнд имеет тип "const char [2]"
  FeatureMatrix.cpp
C:\SC-animate\plugin\include\DocType\FeatureMatrix.h(15,3): error C2296: <<: недопустимо, левый операнд имеет тип "const char [2]"
  Main.cpp
C:\SC-animate\plugin\include\DocType\DocType.h(17,3): error C2296: <<: недопустимо, левый операнд имеет тип "const char [2]"
C:\SC-animate\plugin\include\DocType\FeatureMatrix.h(15,3): error C2296: <<: недопустимо, левый операнд имеет тип "const char [2]"
C:\SC-animate\plugin\include\SharedPublisher\Publisher.h(16,9): error C2296: <<: недопустимо, левый операнд имеет тип "const char [2]"
C:\SC-animate\plugin\include\SharedPublisher\ResourcePalette.h(35,9): error C2296: <<: недопустимо, левый операнд имеет тип "const char [2]"
C:\SC-animate\plugin\include\SharedPublisher\TimelineBuilder.h(17,9): error C2296: <<: недопустимо, левый операнд имеет тип "const char [2]"
C:\SC-animate\plugin\include\SharedPublisher\TimelineBuilderFactory.h(18,9): error C2296: <<: недопустимо, левый операнд имеет тип "const char [2]"
  Publisher.cpp
C:\SC-animate\plugin\include\SharedPublisher\Publisher.h(16,9): error C2296: <<: недопустимо, левый операнд имеет тип "const char [2]"
C:\SC-animate\plugin\include\SharedPublisher\ResourcePalette.h(35,9): error C2296: <<: недопустимо, левый операнд имеет тип "const char [2]"
C:\SC-animate\plugin\include\SharedPublisher\TimelineBuilder.h(17,9): error C2296: <<: недопустимо, левый операнд имеет тип "const char [2]"
C:\SC-animate\plugin\include\SharedPublisher\TimelineBuilderFactory.h(18,9): error C2296: <<: недопустимо, левый операнд имеет тип "const char [2]"
  ResourcePalette.cpp
C:\SC-animate\plugin\include\SharedPublisher\ResourcePalette.h(35,9): error C2296: <<: недопустимо, левый операнд имеет тип "const char [2]"
C:\SC-animate\plugin\include\SharedPublisher\TimelineBuilder.h(17,9): error C2296: <<: недопустимо, левый операнд имеет тип "const char [2]"
  TimelineBuilder.cpp
C:\SC-animate\plugin\include\SharedPublisher\TimelineBuilder.h(17,9): error C2296: <<: недопустимо, левый операнд имеет тип "const char [2]"
  TimelineBuilderFactory.cpp
